  Moc'ing UOlib_qt.h...
  Uic'ing UOlib_qt.ui...
  Moc'ing Customitem.h...
  Moc'ing test.h...
  Moc'ing MyGraphicsView.h...
  Moc'ing MyPlot.h...
  Rcc'ing UOlib_qt.qrc...
RCC : warning : No resources in 'E:\project_test\vs2015\UOlib\UOlib_QT\UOlib_qt.qrc'.
  
  Uic'ing test.ui...
  CircularBuffer.cpp
  Customitem.cpp
  moc_Customitem.cpp
  moc_MyGraphicsView.cpp
  moc_MyPlot.cpp
  moc_test.cpp
  moc_UOlib_qt.cpp
  main.cpp
  MyGraphicsView.cpp
  MyPlot.cpp
  test.cpp
  UOlib_qt.cpp
  正在生成代码...
  qrc_UOlib_qt.cpp
  UOlib_QT.vcxproj -> E:\project_test\vs2015\UOlib\Win32\Debug\UOlib_QT.exe
  UOlib_QT.vcxproj -> E:\project_test\vs2015\UOlib\Win32\Debug\UOlib_QT.pdb (Full PDB)
